<?xml version="1.0" encoding="UTF-8"?>
<!-- Generated by org.testng.reporters.JUnitReportReporter -->
<testsuite skipped="0" hostname="LAPTOP-93U55T3L" name="in.co.istqb.scripts.AboutUsScript" tests="1" failures="0" timestamp="2020-06-13T12:16:59 IST" time="2.224" errors="0">
  <testcase name="aboutUsPerform" time="2.224" classname="in.co.istqb.scripts.AboutUsScript"/>
  <system-out>
Execution startaboutUsPerform TestSucessaboutUsPerform  </system-out>
</testsuite> <!-- in.co.istqb.scripts.AboutUsScript -->
